Starting Dynare (version 4.5.3).
Starting preprocessing of the model file ...
Substitution of endo lags >= 2: added 4 auxiliary variables and equations.
Found 27 equation(s).
Evaluating expressions...done
Computing static model derivatives:
 - order 1
Computing dynamic model derivatives:
 - order 1
Processing outputs ...
done
Preprocessing completed.

STEADY-STATE RESULTS:

yV                		 0
cV                		 0
gV                		 0
xiV               		 0
RV                		 0
deltamV           		 0
bV                		 0
tstarV            		 0
rhoV              		 0
lV                		 0
pieV              		 0
pieyoyV           		 0
muV               		 0
tV                		 0
rrV               		 0
byrV              		 0
RV_ann            		 0
pieV_ann          		 0
rrV_ann           		 0
pieyoyV_ann       		 0
deltamyoyV        		 0
byoyV             		 0
uV                		 0

EIGENVALUES:
         Modulus             Real        Imaginary

               0               -0                0
               0               -0                0
               0               -0                0
        8.66e-17        -8.66e-17                0
       9.181e-16       -9.181e-16                0
       1.018e-15        1.018e-15                0
       4.151e-09       -4.151e-09                0
       4.151e-09        4.151e-09                0
             0.5              0.5                0
             0.5              0.5                0
           0.985            0.985                0
       1.218e+07           0.7829        1.218e+07
       1.218e+07           0.7829       -1.218e+07


There are 2 eigenvalue(s) larger than 1 in modulus 
for 2 forward-looking variable(s)

The rank condition is verified.


--------------------------------------------------------
MODEL SIMULATION:

Iter: 1,	 err. = 1, 	 time = 0.05532
Iter: 2,	 err. = 8.8818e-16, 	 time = 0.03699

Total time of simulation: 0.11059
--------------------------------------------------------

Perfect foresight solution found.


STEADY-STATE RESULTS:

yV                		 0
cV                		 0
gV                		 0
xiV               		 0
RV                		 0
deltamV           		 0
bV                		 0
tstarV            		 0
rhoV              		 0
lV                		 0
pieV              		 0
pieyoyV           		 0
muV               		 0
tV                		 0
rrV               		 0
byrV              		 0
RV_ann            		 0
pieV_ann          		 0
rrV_ann           		 0
pieyoyV_ann       		 0
deltamyoyV        		 0
byoyV             		 0
uV                		 0

EIGENVALUES:
         Modulus             Real        Imaginary

               0               -0                0
               0               -0                0
               0               -0                0
        8.66e-17        -8.66e-17                0
       9.181e-16       -9.181e-16                0
       1.018e-15        1.018e-15                0
       4.151e-09       -4.151e-09                0
       4.151e-09        4.151e-09                0
             0.5              0.5                0
             0.5              0.5                0
           0.985            0.985                0
       1.218e+07           0.7829        1.218e+07
       1.218e+07           0.7829       -1.218e+07


There are 2 eigenvalue(s) larger than 1 in modulus 
for 2 forward-looking variable(s)

The rank condition is verified.


--------------------------------------------------------
MODEL SIMULATION:

Iter: 1,	 err. = 1, 	 time = 0.01235
Iter: 2,	 err. = 2.2204e-16, 	 time = 0.019644

Total time of simulation: 0.03847
--------------------------------------------------------

Perfect foresight solution found.

Total computing time : 0h00m01s
